<?xml version="1.0" encoding="UTF-8"?>
<coverage generated="1523377041847" clover="3.2.0">
  <project timestamp="1523377041847" name="All files">
    <metrics statements="14" coveredstatements="7" conditionals="0" coveredconditionals="0" methods="8" coveredmethods="3" elements="22" coveredelements="10" complexity="0" loc="14" ncloc="14" packages="2" files="3" classes="3">
      <package name="squirrelPool">
        <metrics statements="2" coveredstatements="2" conditionals="0" coveredconditionals="0" methods="1" coveredmethods="1"/>
        <file name="App.js" path="/Users/elidery/code/squirrelPool/App.js">
          <metrics statements="2" coveredstatements="2" conditionals="0" coveredconditionals="0" methods="1" coveredmethods="1"/>
          <line num="9" count="1" type="stmt"/>
          <line num="27" count="1" type="stmt"/>
        </file>
      </package>
      <package name="squirrelPool.Component">
        <metrics statements="12" coveredstatements="5" conditionals="0" coveredconditionals="0" methods="7" coveredmethods="2"/>
        <file name="Gamepage.js" path="/Users/elidery/code/squirrelPool/Component/Gamepage.js">
          <metrics statements="3" coveredstatements="0" conditionals="0" coveredconditionals="0" methods="2" coveredmethods="0"/>
          <line num="14" count="0" type="stmt"/>
          <line num="15" count="0" type="stmt"/>
          <line num="27" count="0" type="stmt"/>
        </file>
        <file name="Landingpage.js" path="/Users/elidery/code/squirrelPool/Component/Landingpage.js">
          <metrics statements="9" coveredstatements="5" conditionals="0" coveredconditionals="0" methods="5" coveredmethods="2"/>
          <line num="16" count="1" type="stmt"/>
          <line num="17" count="1" type="stmt"/>
          <line num="21" count="0" type="stmt"/>
          <line num="22" count="0" type="stmt"/>
          <line num="30" count="0" type="stmt"/>
          <line num="34" count="1" type="stmt"/>
          <line num="39" count="1" type="stmt"/>
          <line num="45" count="0" type="stmt"/>
          <line num="55" count="1" type="stmt"/>
        </file>
      </package>
    </metrics>
  </project>
</coverage>
