{"/Users/elidery/code/squirrelPool/App.js": {"path":"/Users/elidery/code/squirrelPool/App.js","statementMap":{"0":{"start":{"line":9,"column":4},"end":{"line":23,"column":6}},"1":{"start":{"line":27,"column":21},"end":{"line":31,"column":2}}},"fnMap":{"0":{"name":"(anonymous_0)","decl":{"start":{"line":8,"column":2},"end":{"line":8,"column":3}},"loc":{"start":{"line":8,"column":11},"end":{"line":24,"column":3}},"line":8}},"branchMap":{},"s":{"0":1,"1":1},"f":{"0":1},"b":{},"_coverageSchema":"332fd63041d2c1bcb487cc26dd0d5f7d97098a6c","hash":"04741136171707addb8091ff08265ebfb40ec997"}
,"/Users/elidery/code/squirrelPool/Component/Gamepage.js": {"path":"/Users/elidery/code/squirrelPool/Component/Gamepage.js","statementMap":{"0":{"start":{"line":14,"column":2},"end":{"line":14,"column":24}},"1":{"start":{"line":15,"column":4},"end":{"line":15,"column":49}},"2":{"start":{"line":27,"column":4},"end":{"line":32,"column":5}}},"fnMap":{"0":{"name":"(anonymous_0)","decl":{"start":{"line":13,"column":2},"end":{"line":13,"column":3}},"loc":{"start":{"line":13,"column":30},"end":{"line":16,"column":3}},"line":13},"1":{"name":"(anonymous_1)","decl":{"start":{"line":26,"column":2},"end":{"line":26,"column":3}},"loc":{"start":{"line":26,"column":11},"end":{"line":33,"column":3}},"line":26}},"branchMap":{},"s":{"0":0,"1":0,"2":0},"f":{"0":0,"1":0},"b":{},"_coverageSchema":"332fd63041d2c1bcb487cc26dd0d5f7d97098a6c","hash":"7ef7ef619935921cf2a61f5264616db38e4cb544"}
,"/Users/elidery/code/squirrelPool/Component/Landingpage.js": {"path":"/Users/elidery/code/squirrelPool/Component/Landingpage.js","statementMap":{"0":{"start":{"line":16,"column":2},"end":{"line":16,"column":24}},"1":{"start":{"line":17,"column":4},"end":{"line":17,"column":49}},"2":{"start":{"line":21,"column":18},"end":{"line":21,"column":36}},"3":{"start":{"line":22,"column":2},"end":{"line":26,"column":4}},"4":{"start":{"line":30,"column":2},"end":{"line":30,"column":39}},"5":{"start":{"line":34,"column":22},"end":{"line":38,"column":5}},"6":{"start":{"line":39,"column":4},"end":{"line":49,"column":6}},"7":{"start":{"line":45,"column":25},"end":{"line":45,"column":57}},"8":{"start":{"line":53,"column":25},"end":{"line":70,"column":2}}},"fnMap":{"0":{"name":"(anonymous_0)","decl":{"start":{"line":15,"column":0},"end":{"line":15,"column":1}},"loc":{"start":{"line":15,"column":28},"end":{"line":18,"column":1}},"line":15},"1":{"name":"(anonymous_1)","decl":{"start":{"line":20,"column":0},"end":{"line":20,"column":1}},"loc":{"start":{"line":20,"column":13},"end":{"line":27,"column":1}},"line":20},"2":{"name":"(anonymous_2)","decl":{"start":{"line":29,"column":0},"end":{"line":29,"column":1}},"loc":{"start":{"line":29,"column":28},"end":{"line":31,"column":1}},"line":29},"3":{"name":"(anonymous_3)","decl":{"start":{"line":33,"column":2},"end":{"line":33,"column":3}},"loc":{"start":{"line":33,"column":12},"end":{"line":50,"column":3}},"line":33},"4":{"name":"(anonymous_4)","decl":{"start":{"line":45,"column":19},"end":{"line":45,"column":20}},"loc":{"start":{"line":45,"column":25},"end":{"line":45,"column":57}},"line":45}},"branchMap":{},"s":{"0":1,"1":1,"2":0,"3":0,"4":0,"5":1,"6":1,"7":0,"8":1},"f":{"0":1,"1":0,"2":0,"3":1,"4":0},"b":{},"_coverageSchema":"332fd63041d2c1bcb487cc26dd0d5f7d97098a6c","hash":"ad82671ddc0112a90d42ce72056cf7d6c04d98f5"}
}
