{"/Users/BladeRunner/code/squirrelPool/App.js": {"path":"/Users/BladeRunner/code/squirrelPool/App.js","statementMap":{"0":{"start":{"line":9,"column":2},"end":{"line":20,"column":1}},"1":{"start":{"line":24,"column":4},"end":{"line":28,"column":6}},"2":{"start":{"line":32,"column":21},"end":{"line":36,"column":2}}},"fnMap":{"0":{"name":"(anonymous_0)","decl":{"start":{"line":23,"column":2},"end":{"line":23,"column":3}},"loc":{"start":{"line":23,"column":11},"end":{"line":29,"column":3}},"line":23}},"branchMap":{},"s":{"0":1,"1":1,"2":1},"f":{"0":1},"b":{},"_coverageSchema":"332fd63041d2c1bcb487cc26dd0d5f7d97098a6c","hash":"00a0275e4ce0f7d4ac20eaf9d80fff4751acb674"}
,"/Users/BladeRunner/code/squirrelPool/Component/GamePage.js": {"path":"/Users/BladeRunner/code/squirrelPool/Component/GamePage.js","statementMap":{"0":{"start":{"line":10,"column":2},"end":{"line":10,"column":15}},"1":{"start":{"line":14,"column":4},"end":{"line":20,"column":6}}},"fnMap":{"0":{"name":"(anonymous_0)","decl":{"start":{"line":9,"column":2},"end":{"line":9,"column":3}},"loc":{"start":{"line":9,"column":21},"end":{"line":11,"column":3}},"line":9},"1":{"name":"(anonymous_1)","decl":{"start":{"line":13,"column":2},"end":{"line":13,"column":3}},"loc":{"start":{"line":13,"column":11},"end":{"line":21,"column":3}},"line":13}},"branchMap":{},"s":{"0":1,"1":1},"f":{"0":1,"1":1},"b":{},"_coverageSchema":"332fd63041d2c1bcb487cc26dd0d5f7d97098a6c","hash":"e9d2ff4f097ab8c82c22a64194cc696582c461e2"}
,"/Users/BladeRunner/code/squirrelPool/Component/LandingPage.js": {"path":"/Users/BladeRunner/code/squirrelPool/Component/LandingPage.js","statementMap":{"0":{"start":{"line":12,"column":2},"end":{"line":12,"column":15}},"1":{"start":{"line":16,"column":2},"end":{"line":16,"column":45}},"2":{"start":{"line":21,"column":4},"end":{"line":35,"column":6}},"3":{"start":{"line":31,"column":26},"end":{"line":31,"column":45}},"4":{"start":{"line":39,"column":25},"end":{"line":65,"column":2}}},"fnMap":{"0":{"name":"(anonymous_0)","decl":{"start":{"line":11,"column":0},"end":{"line":11,"column":1}},"loc":{"start":{"line":11,"column":19},"end":{"line":13,"column":1}},"line":11},"1":{"name":"(anonymous_1)","decl":{"start":{"line":15,"column":0},"end":{"line":15,"column":1}},"loc":{"start":{"line":15,"column":14},"end":{"line":17,"column":1}},"line":15},"2":{"name":"(anonymous_2)","decl":{"start":{"line":20,"column":2},"end":{"line":20,"column":3}},"loc":{"start":{"line":20,"column":12},"end":{"line":36,"column":3}},"line":20},"3":{"name":"(anonymous_3)","decl":{"start":{"line":31,"column":19},"end":{"line":31,"column":20}},"loc":{"start":{"line":31,"column":26},"end":{"line":31,"column":45}},"line":31}},"branchMap":{},"s":{"0":3,"1":1,"2":3,"3":1,"4":2},"f":{"0":3,"1":1,"2":3,"3":1},"b":{},"_coverageSchema":"332fd63041d2c1bcb487cc26dd0d5f7d97098a6c","hash":"dd3b2d1c9e1eb28328b40e9e69e980cde91bdaaf"}
,"/Users/BladeRunner/code/squirrelPool/Component/GameAssets/WaterTileMap.js": {"path":"/Users/BladeRunner/code/squirrelPool/Component/GameAssets/WaterTileMap.js","statementMap":{"0":{"start":{"line":7,"column":2},"end":{"line":98,"column":5}}},"fnMap":{"0":{"name":"(anonymous_0)","decl":{"start":{"line":6,"column":2},"end":{"line":6,"column":3}},"loc":{"start":{"line":6,"column":11},"end":{"line":99,"column":3}},"line":6}},"branchMap":{},"s":{"0":1},"f":{"0":1},"b":{},"_coverageSchema":"332fd63041d2c1bcb487cc26dd0d5f7d97098a6c","hash":"d7fc007426cd6afeac8f018d393b24ac8a6adc12"}
,"/Users/BladeRunner/code/squirrelPool/Component/Images/NNBLANDSQUARE1.png": {"path":"/Users/BladeRunner/code/squirrelPool/Component/Images/NNBLANDSQUARE1.png","statementMap":{"0":{"start":{"line":1,"column":0},"end":{"line":1,"column":19}}},"fnMap":{},"branchMap":{},"s":{"0":1},"f":{},"b":{},"_coverageSchema":"332fd63041d2c1bcb487cc26dd0d5f7d97098a6c","hash":"23189ab7ef73a14c0e00c7e9b6ec861709c930a5"}
,"/Users/BladeRunner/code/squirrelPool/Component/Images/NNBWATERSQUARE2.png": {"path":"/Users/BladeRunner/code/squirrelPool/Component/Images/NNBWATERSQUARE2.png","statementMap":{"0":{"start":{"line":1,"column":0},"end":{"line":1,"column":19}}},"fnMap":{},"branchMap":{},"s":{"0":1},"f":{},"b":{},"_coverageSchema":"332fd63041d2c1bcb487cc26dd0d5f7d97098a6c","hash":"5d623f2ccabc4f54eed99a107b51c9dbb0b851e9"}
,"/Users/BladeRunner/code/squirrelPool/Component/Images/ShipRight.png": {"path":"/Users/BladeRunner/code/squirrelPool/Component/Images/ShipRight.png","statementMap":{"0":{"start":{"line":1,"column":0},"end":{"line":1,"column":19}}},"fnMap":{},"branchMap":{},"s":{"0":1},"f":{},"b":{},"_coverageSchema":"332fd63041d2c1bcb487cc26dd0d5f7d97098a6c","hash":"fed0541d26866d4b01ac58dbcbf45eb87af3eabe"}
,"/Users/BladeRunner/code/squirrelPool/Helpers/AppyHelperton.js": {"path":"/Users/BladeRunner/code/squirrelPool/Helpers/AppyHelperton.js","statementMap":{},"fnMap":{},"branchMap":{},"s":{},"f":{},"b":{},"_coverageSchema":"332fd63041d2c1bcb487cc26dd0d5f7d97098a6c","hash":"7a0154bb1cca2c6f54ea9335a8bab7e18562bf93"}
}
