TN:
SF:/Users/elidery/code/squirrelPool/App.js
FN:8,(anonymous_0)
FNF:1
FNH:1
FNDA:1,(anonymous_0)
DA:9,1
DA:27,1
LF:2
LH:2
BRF:0
BRH:0
end_of_record
TN:
SF:/Users/elidery/code/squirrelPool/Component/Gamepage.js
FN:13,(anonymous_0)
FN:26,(anonymous_1)
FNF:2
FNH:0
FNDA:0,(anonymous_0)
FNDA:0,(anonymous_1)
DA:14,0
DA:15,0
DA:27,0
LF:3
LH:0
BRF:0
BRH:0
end_of_record
TN:
SF:/Users/elidery/code/squirrelPool/Component/Landingpage.js
FN:15,(anonymous_0)
FN:20,(anonymous_1)
FN:29,(anonymous_2)
FN:33,(anonymous_3)
FN:45,(anonymous_4)
FNF:5
FNH:2
FNDA:1,(anonymous_0)
FNDA:0,(anonymous_1)
FNDA:0,(anonymous_2)
FNDA:1,(anonymous_3)
FNDA:0,(anonymous_4)
DA:16,1
DA:17,1
DA:21,0
DA:22,0
DA:30,0
DA:34,1
DA:39,1
DA:45,0
DA:55,1
LF:9
LH:5
BRF:0
BRH:0
end_of_record
