TN:
SF:/Users/BladeRunner/code/squirrelPool/App.js
FN:23,(anonymous_0)
FNF:1
FNH:1
FNDA:1,(anonymous_0)
DA:9,1
DA:24,1
DA:32,1
LF:3
LH:3
BRF:0
BRH:0
end_of_record
TN:
SF:/Users/BladeRunner/code/squirrelPool/Component/GamePage.js
FN:9,(anonymous_0)
FN:13,(anonymous_1)
FNF:2
FNH:2
FNDA:1,(anonymous_0)
FNDA:1,(anonymous_1)
DA:10,1
DA:14,1
LF:2
LH:2
BRF:0
BRH:0
end_of_record
TN:
SF:/Users/BladeRunner/code/squirrelPool/Component/LandingPage.js
FN:11,(anonymous_0)
FN:15,(anonymous_1)
FN:20,(anonymous_2)
FN:31,(anonymous_3)
FNF:4
FNH:4
FNDA:3,(anonymous_0)
FNDA:1,(anonymous_1)
FNDA:3,(anonymous_2)
FNDA:1,(anonymous_3)
DA:12,3
DA:16,1
DA:21,3
DA:31,1
DA:39,2
LF:5
LH:5
BRF:0
BRH:0
end_of_record
TN:
SF:/Users/BladeRunner/code/squirrelPool/Component/GameAssets/WaterTileMap.js
FN:6,(anonymous_0)
FNF:1
FNH:1
FNDA:1,(anonymous_0)
DA:7,1
LF:1
LH:1
BRF:0
BRH:0
end_of_record
TN:
SF:/Users/BladeRunner/code/squirrelPool/Component/Images/NNBLANDSQUARE1.png
FNF:0
FNH:0
DA:1,1
LF:1
LH:1
BRF:0
BRH:0
end_of_record
TN:
SF:/Users/BladeRunner/code/squirrelPool/Component/Images/NNBWATERSQUARE2.png
FNF:0
FNH:0
DA:1,1
LF:1
LH:1
BRF:0
BRH:0
end_of_record
TN:
SF:/Users/BladeRunner/code/squirrelPool/Component/Images/ShipRight.png
FNF:0
FNH:0
DA:1,1
LF:1
LH:1
BRF:0
BRH:0
end_of_record
TN:
SF:/Users/BladeRunner/code/squirrelPool/Helpers/AppyHelperton.js
FNF:0
FNH:0
LF:0
LH:0
BRF:0
BRH:0
end_of_record
